98.08.03 10:33 B N:\Portfolio Project\Web Test\ae\00000000.htm --> libweb2.princeton.edu /home/httpd/html/rbsc2/portfolio/Web Test/ae 00000000.htm
98.08.03 10:33 B N:\Portfolio Project\Web Test\ae\back.jpg --> libweb2.princeton.edu /home/httpd/html/rbsc2/portfolio/Web Test/ae back.jpg
98.08.03 10:33 B N:\Portfolio Project\Web Test\ae\download.jpg --> libweb2.princeton.edu /home/httpd/html/rbsc2/portfolio/Web Test/ae download.jpg
98.08.03 10:33 B N:\Portfolio Project\Web Test\ae\EZBlank.gif --> libweb2.princeton.edu /home/httpd/html/rbsc2/portfolio/Web Test/ae EZBlank.gif
98.08.03 10:33 B N:\Portfolio Project\Web Test\ae\first_off.jpg --> libweb2.princeton.edu /home/httpd/html/rbsc2/portfolio/Web Test/ae first_off.jpg
98.08.03 10:33 B N:\Portfolio Project\Web Test\ae\first_on.jpg --> libweb2.princeton.edu /home/httpd/html/rbsc2/portfolio/Web Test/ae first_on.jpg
98.08.03 10:33 B N:\Portfolio Project\Web Test\ae\home.jpg --> libweb2.princeton.edu /home/httpd/html/rbsc2/portfolio/Web Test/ae home.jpg
98.08.03 10:33 B N:\Portfolio Project\Web Test\ae\iaxweb.ini --> libweb2.princeton.edu /home/httpd/html/rbsc2/portfolio/Web Test/ae iaxweb.ini
98.08.03 10:33 B N:\Portfolio Project\Web Test\ae\ie.gif --> libweb2.princeton.edu /home/httpd/html/rbsc2/portfolio/Web Test/ae ie.gif
98.08.03 10:33 B N:\Portfolio Project\Web Test\ae\index.html --> libweb2.princeton.edu /home/httpd/html/rbsc2/portfolio/Web Test/ae index.html
98.08.03 10:33 B N:\Portfolio Project\Web Test\ae\last_off.jpg --> libweb2.princeton.edu /home/httpd/html/rbsc2/portfolio/Web Test/ae last_off.jpg
98.08.03 10:33 B N:\Portfolio Project\Web Test\ae\last_on.jpg --> libweb2.princeton.edu /home/httpd/html/rbsc2/portfolio/Web Test/ae last_on.jpg
98.08.03 10:33 B N:\Portfolio Project\Web Test\ae\next_off.jpg --> libweb2.princeton.edu /home/httpd/html/rbsc2/portfolio/Web Test/ae next_off.jpg
98.08.03 10:33 B N:\Portfolio Project\Web Test\ae\next_on.jpg --> libweb2.princeton.edu /home/httpd/html/rbsc2/portfolio/Web Test/ae next_on.jpg
98.08.03 10:33 B N:\Portfolio Project\Web Test\ae\nn.gif --> libweb2.princeton.edu /home/httpd/html/rbsc2/portfolio/Web Test/ae nn.gif
98.08.03 10:33 B N:\Portfolio Project\Web Test\ae\prev_off.jpg --> libweb2.princeton.edu /home/httpd/html/rbsc2/portfolio/Web Test/ae prev_off.jpg
98.08.03 10:33 B N:\Portfolio Project\Web Test\ae\prev_on.jpg --> libweb2.princeton.edu /home/httpd/html/rbsc2/portfolio/Web Test/ae prev_on.jpg
98.08.03 11:13 B N:\Portfolio Project\Web Test\ae\00000000.htm --> libweb2.princeton.edu /home/httpd/html/rbsc2/portfolio/ae 00000000.htm
98.08.03 11:13 B N:\Portfolio Project\Web Test\ae\back.jpg --> libweb2.princeton.edu /home/httpd/html/rbsc2/portfolio/ae back.jpg
98.08.03 11:13 B N:\Portfolio Project\Web Test\ae\download.jpg --> libweb2.princeton.edu /home/httpd/html/rbsc2/portfolio/ae download.jpg
98.08.03 11:13 B N:\Portfolio Project\Web Test\ae\EZBlank.gif --> libweb2.princeton.edu /home/httpd/html/rbsc2/portfolio/ae EZBlank.gif
98.08.03 11:13 B N:\Portfolio Project\Web Test\ae\first_off.jpg --> libweb2.princeton.edu /home/httpd/html/rbsc2/portfolio/ae first_off.jpg
98.08.03 11:13 B N:\Portfolio Project\Web Test\ae\first_on.jpg --> libweb2.princeton.edu /home/httpd/html/rbsc2/portfolio/ae first_on.jpg
98.08.03 11:13 B N:\Portfolio Project\Web Test\ae\home.jpg --> libweb2.princeton.edu /home/httpd/html/rbsc2/portfolio/ae home.jpg
98.08.03 11:13 B N:\Portfolio Project\Web Test\ae\iaxweb.ini --> libweb2.princeton.edu /home/httpd/html/rbsc2/portfolio/ae iaxweb.ini
98.08.03 11:13 B N:\Portfolio Project\Web Test\ae\ie.gif --> libweb2.princeton.edu /home/httpd/html/rbsc2/portfolio/ae ie.gif
98.08.03 11:13 B N:\Portfolio Project\Web Test\ae\index.html --> libweb2.princeton.edu /home/httpd/html/rbsc2/portfolio/ae index.html
98.08.03 11:13 B N:\Portfolio Project\Web Test\ae\last_off.jpg --> libweb2.princeton.edu /home/httpd/html/rbsc2/portfolio/ae last_off.jpg
98.08.03 11:13 B N:\Portfolio Project\Web Test\ae\last_on.jpg --> libweb2.princeton.edu /home/httpd/html/rbsc2/portfolio/ae last_on.jpg
98.08.03 11:13 B N:\Portfolio Project\Web Test\ae\next_off.jpg --> libweb2.princeton.edu /home/httpd/html/rbsc2/portfolio/ae next_off.jpg
98.08.03 11:13 B N:\Portfolio Project\Web Test\ae\next_on.jpg --> libweb2.princeton.edu /home/httpd/html/rbsc2/portfolio/ae next_on.jpg
98.08.03 11:13 B N:\Portfolio Project\Web Test\ae\nn.gif --> libweb2.princeton.edu /home/httpd/html/rbsc2/portfolio/ae nn.gif
98.08.03 11:13 B N:\Portfolio Project\Web Test\ae\prev_off.jpg --> libweb2.princeton.edu /home/httpd/html/rbsc2/portfolio/ae prev_off.jpg
98.08.03 11:13 B N:\Portfolio Project\Web Test\ae\prev_on.jpg --> libweb2.princeton.edu /home/httpd/html/rbsc2/portfolio/ae prev_on.jpg
